Active-HDL 13.0.375.8320 2024-11-17 00:28:36

Elaboration top modules:
VHDL Configuration            testbench_for_decoder3to8


----------------------------------------------------------------------------------------------------
Entity         | Architecture    | Library | Info | Compiler Version          | Compilation Options
----------------------------------------------------------------------------------------------------
decoder3to8_tb | TB_ARCHITECTURE | secondq |      | 13.0.375.8320 (Windows64) | -O3
Decoder3to8    | Behavioral      | secondq |      | 13.0.375.8320 (Windows64) | -O3
----------------------------------------------------------------------------------------------------

----------------------------------------------------------------------------------------------------
VHDL Configuration               | Library | Info | Compiler Version          | Compilation Options
----------------------------------------------------------------------------------------------------
testbench_for_decoder3to8        | secondq |      | 13.0.375.8320 (Windows64) | -O3
----------------------------------------------------------------------------------------------------

----------------------------------------------------------------------------------------------------
VHDL Package                     | Library | Info | Compiler Version          | Compilation Options
----------------------------------------------------------------------------------------------------
standard                         | std     |      |                           | <unavailable>
TEXTIO                           | std     |      | 13.0.375.8320 (Windows64) |  -2019
std_logic_1164                   | ieee    |      | 13.0.375.8320 (Windows64) |  -2008
----------------------------------------------------------------------------------------------------

----------------------------------------------------------------------------------------------------
Library                          | Comment
----------------------------------------------------------------------------------------------------
ieee                             | Standard IEEE packages library
secondq                          | None
std                              | Standard VHDL library
----------------------------------------------------------------------------------------------------
